[${project.name}][${env:SERVER_PORT}] 2022-08-01 17:46:37,374 ERROR [com.alibaba.nacos.naming.beat.sender][NamingProxy.java:454] - request 127.0.0.1:8848 failed.
ErrCode:500, ErrMsg:failed to req API:127.0.0.1:8848/nacos/v1/ns/instance/beat. code:500 msg: caused: Get data failed, key: com.alibaba.nacos.naming.iplist.public##DEFAULT_GROUP@@providers:com.alibaba.cloud.dubbo.service.DubboMetadataService:1.0.0:user-service;
	at com.alibaba.nacos.client.naming.net.NamingProxy.callServer(NamingProxy.java:424)
	at com.alibaba.nacos.client.naming.net.NamingProxy.reqAPI(NamingProxy.java:451)
	at com.alibaba.nacos.client.naming.net.NamingProxy.reqAPI(NamingProxy.java:386)
	at com.alibaba.nacos.client.naming.net.NamingProxy.sendBeat(NamingProxy.java:309)
	at com.alibaba.nacos.client.naming.beat.BeatReactor$BeatTask.run(BeatReactor.java:92)
	at java.util.concurrent.Executors$RunnableAdapter.call(Executors.java:511)
	at java.util.concurrent.FutureTask.run(FutureTask.java:266)
	at java.util.concurrent.ScheduledThreadPoolExecutor$ScheduledFutureTask.access$201(ScheduledThreadPoolExecutor.java:180)
	at java.util.concurrent.ScheduledThreadPoolExecutor$ScheduledFutureTask.run(ScheduledThreadPoolExecutor.java:293)
	at java.util.concurrent.ThreadPoolExecutor.runWorker(ThreadPoolExecutor.java:1149)
	at java.util.concurrent.ThreadPoolExecutor$Worker.run(ThreadPoolExecutor.java:624)
	at java.lang.Thread.run(Thread.java:748)
[${project.name}][${env:SERVER_PORT}] 2022-08-01 17:46:37,374 ERROR [main][NamingProxy.java:454] - request 127.0.0.1:8848 failed.
ErrCode:500, ErrMsg:failed to req API:127.0.0.1:8848/nacos/v1/ns/instance. code:500 msg: caused: Get data failed, key: com.alibaba.nacos.naming.iplist.public##DEFAULT_GROUP@@providers:com.alibaba.cloud.dubbo.service.DubboMetadataService:1.0.0:user-service;
	at com.alibaba.nacos.client.naming.net.NamingProxy.callServer(NamingProxy.java:424)
	at com.alibaba.nacos.client.naming.net.NamingProxy.reqAPI(NamingProxy.java:451)
	at com.alibaba.nacos.client.naming.net.NamingProxy.reqAPI(NamingProxy.java:386)
	at com.alibaba.nacos.client.naming.net.NamingProxy.registerService(NamingProxy.java:188)
	at com.alibaba.nacos.client.naming.NacosNamingService.registerInstance(NacosNamingService.java:205)
	at com.alibaba.nacos.client.naming.NacosNamingService.registerInstance(NacosNamingService.java:184)
	at org.apache.dubbo.registry.nacos.NacosRegistry.lambda$doRegister$1(NacosRegistry.java:153)
	at org.apache.dubbo.registry.nacos.NacosRegistry.execute(NacosRegistry.java:466)
	at org.apache.dubbo.registry.nacos.NacosRegistry.doRegister(NacosRegistry.java:153)
	at org.apache.dubbo.registry.support.FailbackRegistry.register(FailbackRegistry.java:236)
	at org.apache.dubbo.registry.integration.RegistryProtocol.register(RegistryProtocol.java:185)
	at org.apache.dubbo.registry.integration.RegistryProtocol.export(RegistryProtocol.java:219)
	at org.apache.dubbo.rpc.protocol.ProtocolFilterWrapper.export(ProtocolFilterWrapper.java:120)
	at org.apache.dubbo.rpc.protocol.ProtocolListenerWrapper.export(ProtocolListenerWrapper.java:59)
	at org.apache.dubbo.qos.protocol.QosProtocolWrapper.export(QosProtocolWrapper.java:61)
	at org.apache.dubbo.rpc.Protocol$Adaptive.export(Protocol$Adaptive.java)
	at org.apache.dubbo.config.ServiceConfig.doExportUrlsFor1Protocol(ServiceConfig.java:607)
	at org.apache.dubbo.config.ServiceConfig.doExportUrls(ServiceConfig.java:457)
	at org.apache.dubbo.config.ServiceConfig.doExport(ServiceConfig.java:415)
	at org.apache.dubbo.config.ServiceConfig.export(ServiceConfig.java:378)
	at com.alibaba.cloud.dubbo.service.DubboMetadataServiceExporter.export(DubboMetadataServiceExporter.java:83)
	at com.alibaba.cloud.dubbo.metadata.repository.DubboServiceMetadataRepository.getDubboMetadataServiceMetadata(DubboServiceMetadataRepository.java:301)
	at com.alibaba.cloud.dubbo.metadata.repository.DubboServiceMetadataRepository$$FastClassBySpringCGLIB$$4ef4b7bd.invoke(<generated>)
	at org.springframework.cglib.proxy.MethodProxy.invoke(MethodProxy.java:218)
	at org.springframework.aop.framework.CglibAopProxy$CglibMethodInvocation.invokeJoinpoint(CglibAopProxy.java:749)
	at org.springframework.aop.framework.ReflectiveMethodInvocation.proceed(ReflectiveMethodInvocation.java:163)
	at org.springframework.dao.support.PersistenceExceptionTranslationInterceptor.invoke(PersistenceExceptionTranslationInterceptor.java:139)
	at org.springframework.aop.framework.ReflectiveMethodInvocation.proceed(ReflectiveMethodInvocation.java:186)
	at org.springframework.aop.framework.CglibAopProxy$DynamicAdvisedInterceptor.intercept(CglibAopProxy.java:688)
	at com.alibaba.cloud.dubbo.metadata.repository.DubboServiceMetadataRepository$$EnhancerBySpringCGLIB$$ca76eb97.getDubboMetadataServiceMetadata(<generated>)
	at com.alibaba.cloud.dubbo.autoconfigure.DubboServiceRegistrationAutoConfiguration.attachDubboMetadataServiceMetadata(DubboServiceRegistrationAutoConfiguration.java:115)
	at com.alibaba.cloud.dubbo.autoconfigure.DubboServiceRegistrationAutoConfiguration.attachDubboMetadataServiceMetadata(DubboServiceRegistrationAutoConfiguration.java:109)
	at com.alibaba.cloud.dubbo.autoconfigure.DubboServiceRegistrationAutoConfiguration.onServiceInstancePreRegistered(DubboServiceRegistrationAutoConfiguration.java:100)
	at sun.reflect.NativeMethodAccessorImpl.invoke0(Native Method)
	at sun.reflect.NativeMethodAccessorImpl.invoke(NativeMethodAccessorImpl.java:62)
	at sun.reflect.DelegatingMethodAccessorImpl.invoke(DelegatingMethodAccessorImpl.java:43)
	at java.lang.reflect.Method.invoke(Method.java:498)
	at org.springframework.context.event.ApplicationListenerMethodAdapter.doInvoke(ApplicationListenerMethodAdapter.java:259)
	at org.springframework.context.event.ApplicationListenerMethodAdapter.processEvent(ApplicationListenerMethodAdapter.java:179)
	at org.springframework.context.event.ApplicationListenerMethodAdapter.onApplicationEvent(ApplicationListenerMethodAdapter.java:142)
	at org.springframework.context.event.SimpleApplicationEventMulticaster.doInvokeListener(SimpleApplicationEventMulticaster.java:172)
	at org.springframework.context.event.SimpleApplicationEventMulticaster.invokeListener(SimpleApplicationEventMulticaster.java:165)
	at org.springframework.context.event.SimpleApplicationEventMulticaster.multicastEvent(SimpleApplicationEventMulticaster.java:139)
	at org.springframework.context.support.AbstractApplicationContext.publishEvent(AbstractApplicationContext.java:402)
	at org.springframework.context.support.AbstractApplicationContext.publishEvent(AbstractApplicationContext.java:359)
	at com.alibaba.cloud.dubbo.registry.DubboServiceRegistrationEventPublishingAspect.beforeRegister(DubboServiceRegistrationEventPublishingAspect.java:51)
	at sun.reflect.NativeMethodAccessorImpl.invoke0(Native Method)
	at sun.reflect.NativeMethodAccessorImpl.invoke(NativeMethodAccessorImpl.java:62)
	at sun.reflect.DelegatingMethodAccessorImpl.invoke(DelegatingMethodAccessorImpl.java:43)
	at java.lang.reflect.Method.invoke(Method.java:498)
	at org.springframework.aop.aspectj.AbstractAspectJAdvice.invokeAdviceMethodWithGivenArgs(AbstractAspectJAdvice.java:644)
	at org.springframework.aop.aspectj.AbstractAspectJAdvice.invokeAdviceMethod(AbstractAspectJAdvice.java:626)
	at org.springframework.aop.aspectj.AspectJMethodBeforeAdvice.before(AspectJMethodBeforeAdvice.java:44)
	at org.springframework.aop.framework.adapter.MethodBeforeAdviceInterceptor.invoke(MethodBeforeAdviceInterceptor.java:55)
	at org.springframework.aop.framework.ReflectiveMethodInvocation.proceed(ReflectiveMethodInvocation.java:175)
	at org.springframework.aop.aspectj.AspectJAfterAdvice.invoke(AspectJAfterAdvice.java:47)
	at org.springframework.aop.framework.ReflectiveMethodInvocation.proceed(ReflectiveMethodInvocation.java:175)
	at org.springframework.aop.interceptor.ExposeInvocationInterceptor.invoke(ExposeInvocationInterceptor.java:93)
	at org.springframework.aop.framework.ReflectiveMethodInvocation.proceed(ReflectiveMethodInvocation.java:186)
	at org.springframework.aop.framework.CglibAopProxy$DynamicAdvisedInterceptor.intercept(CglibAopProxy.java:688)
	at com.alibaba.cloud.nacos.registry.NacosServiceRegistry$$EnhancerBySpringCGLIB$$6e6351ef.register(<generated>)
	at org.springframework.cloud.client.serviceregistry.AbstractAutoServiceRegistration.register(AbstractAutoServiceRegistration.java:219)
	at com.alibaba.cloud.nacos.registry.NacosAutoServiceRegistration.register(NacosAutoServiceRegistration.java:74)
	at org.springframework.cloud.client.serviceregistry.AbstractAutoServiceRegistration.start(AbstractAutoServiceRegistration.java:118)
	at org.springframework.cloud.client.serviceregistry.AbstractAutoServiceRegistration.bind(AbstractAutoServiceRegistration.java:82)
	at org.springframework.cloud.client.serviceregistry.AbstractAutoServiceRegistration.onApplicationEvent(AbstractAutoServiceRegistration.java:69)
	at org.springframework.cloud.client.serviceregistry.AbstractAutoServiceRegistration.onApplicationEvent(AbstractAutoServiceRegistration.java:32)
	at org.springframework.context.event.SimpleApplicationEventMulticaster.doInvokeListener(SimpleApplicationEventMulticaster.java:172)
	at org.springframework.context.event.SimpleApplicationEventMulticaster.invokeListener(SimpleApplicationEventMulticaster.java:165)
	at org.springframework.context.event.SimpleApplicationEventMulticaster.multicastEvent(SimpleApplicationEventMulticaster.java:139)
	at org.springframework.context.support.AbstractApplicationContext.publishEvent(AbstractApplicationContext.java:402)
	at org.springframework.context.support.AbstractApplicationContext.publishEvent(AbstractApplicationContext.java:359)
	at org.springframework.boot.web.servlet.context.ServletWebServerApplicationContext.finishRefresh(ServletWebServerApplicationContext.java:166)
	at org.springframework.context.support.AbstractApplicationContext.refresh(AbstractApplicationContext.java:552)
	at org.springframework.boot.web.servlet.context.ServletWebServerApplicationContext.refresh(ServletWebServerApplicationContext.java:142)
	at org.springframework.boot.SpringApplication.refresh(SpringApplication.java:775)
	at org.springframework.boot.SpringApplication.refreshContext(SpringApplication.java:397)
	at org.springframework.boot.SpringApplication.run(SpringApplication.java:316)
	at org.springframework.boot.SpringApplication.run(SpringApplication.java:1260)
	at org.springframework.boot.SpringApplication.run(SpringApplication.java:1248)
	at com.shanjupay.user.UserBootstrap.main(UserBootstrap.java:17)
[${project.name}][${env:SERVER_PORT}] 2022-08-01 17:46:37,379 ERROR [com.alibaba.nacos.naming.beat.sender][NamingProxy.java:316] - [CLIENT-BEAT] failed to send beat: {"ip":"192.168.0.26","metadata":{"side":"provider","methods":"getAllServiceKeys,getServiceRestMetadata,getExportedURLs,getAllExportedURLs","release":"2.7.3","deprecated":"false","dubbo":"2.0.2","pid":"11448","interface":"com.alibaba.cloud.dubbo.service.DubboMetadataService","version":"1.0.0","generic":"false","revision":"2.1.0.RELEASE","path":"com.alibaba.cloud.dubbo.service.DubboMetadataService","protocol":"dubbo","application":"user-service","dynamic":"true","category":"providers","anyhost":"true","group":"user-service","register":"true","timestamp":"1659347197359"},"period":5000,"port":20880,"scheduled":false,"serviceName":"DEFAULT_GROUP@@providers:com.alibaba.cloud.dubbo.service.DubboMetadataService:1.0.0:user-service","stopped":false,"weight":1.0}
java.lang.IllegalStateException: failed to req API:/nacos/v1/ns/instance/beat after all servers([127.0.0.1:8848]) tried: failed to req API:127.0.0.1:8848/nacos/v1/ns/instance/beat. code:500 msg: caused: Get data failed, key: com.alibaba.nacos.naming.iplist.public##DEFAULT_GROUP@@providers:com.alibaba.cloud.dubbo.service.DubboMetadataService:1.0.0:user-service;
	at com.alibaba.nacos.client.naming.net.NamingProxy.reqAPI(NamingProxy.java:464)
	at com.alibaba.nacos.client.naming.net.NamingProxy.reqAPI(NamingProxy.java:386)
	at com.alibaba.nacos.client.naming.net.NamingProxy.sendBeat(NamingProxy.java:309)
	at com.alibaba.nacos.client.naming.beat.BeatReactor$BeatTask.run(BeatReactor.java:92)
	at java.util.concurrent.Executors$RunnableAdapter.call(Executors.java:511)
	at java.util.concurrent.FutureTask.run(FutureTask.java:266)
	at java.util.concurrent.ScheduledThreadPoolExecutor$ScheduledFutureTask.access$201(ScheduledThreadPoolExecutor.java:180)
	at java.util.concurrent.ScheduledThreadPoolExecutor$ScheduledFutureTask.run(ScheduledThreadPoolExecutor.java:293)
	at java.util.concurrent.ThreadPoolExecutor.runWorker(ThreadPoolExecutor.java:1149)
	at java.util.concurrent.ThreadPoolExecutor$Worker.run(ThreadPoolExecutor.java:624)
	at java.lang.Thread.run(Thread.java:748)
[${project.name}][${env:SERVER_PORT}] 2022-08-01 17:46:37,632 ERROR [main][SpringApplication.java:858] - Application run failed
java.lang.IllegalStateException: Failed to register dubbo://192.168.0.26:20880/com.alibaba.cloud.dubbo.service.DubboMetadataService?anyhost=true&application=user-service&deprecated=false&dubbo=2.0.2&dynamic=true&generic=false&group=user-service&interface=com.alibaba.cloud.dubbo.service.DubboMetadataService&methods=getAllServiceKeys,getServiceRestMetadata,getExportedURLs,getAllExportedURLs&pid=11448&register=true&release=2.7.3&revision=2.1.0.RELEASE&side=provider&timestamp=1659347197359&version=1.0.0 to registry 127.0.0.1:8848, cause: failed to req API:/nacos/v1/ns/instance after all servers([127.0.0.1:8848]) tried: failed to req API:127.0.0.1:8848/nacos/v1/ns/instance. code:500 msg: caused: Get data failed, key: com.alibaba.nacos.naming.iplist.public##DEFAULT_GROUP@@providers:com.alibaba.cloud.dubbo.service.DubboMetadataService:1.0.0:user-service;
	at org.apache.dubbo.registry.support.FailbackRegistry.register(FailbackRegistry.java:249)
	at org.apache.dubbo.registry.integration.RegistryProtocol.register(RegistryProtocol.java:185)
	at org.apache.dubbo.registry.integration.RegistryProtocol.export(RegistryProtocol.java:219)
	at org.apache.dubbo.rpc.protocol.ProtocolFilterWrapper.export(ProtocolFilterWrapper.java:120)
	at org.apache.dubbo.rpc.protocol.ProtocolListenerWrapper.export(ProtocolListenerWrapper.java:59)
	at org.apache.dubbo.qos.protocol.QosProtocolWrapper.export(QosProtocolWrapper.java:61)
	at org.apache.dubbo.rpc.Protocol$Adaptive.export(Protocol$Adaptive.java)
	at org.apache.dubbo.config.ServiceConfig.doExportUrlsFor1Protocol(ServiceConfig.java:607)
	at org.apache.dubbo.config.ServiceConfig.doExportUrls(ServiceConfig.java:457)
	at org.apache.dubbo.config.ServiceConfig.doExport(ServiceConfig.java:415)
	at org.apache.dubbo.config.ServiceConfig.export(ServiceConfig.java:378)
	at com.alibaba.cloud.dubbo.service.DubboMetadataServiceExporter.export(DubboMetadataServiceExporter.java:83)
	at com.alibaba.cloud.dubbo.metadata.repository.DubboServiceMetadataRepository.getDubboMetadataServiceMetadata(DubboServiceMetadataRepository.java:301)
	at com.alibaba.cloud.dubbo.metadata.repository.DubboServiceMetadataRepository$$FastClassBySpringCGLIB$$4ef4b7bd.invoke(<generated>)
	at org.springframework.cglib.proxy.MethodProxy.invoke(MethodProxy.java:218)
	at org.springframework.aop.framework.CglibAopProxy$CglibMethodInvocation.invokeJoinpoint(CglibAopProxy.java:749)
	at org.springframework.aop.framework.ReflectiveMethodInvocation.proceed(ReflectiveMethodInvocation.java:163)
	at org.springframework.dao.support.PersistenceExceptionTranslationInterceptor.invoke(PersistenceExceptionTranslationInterceptor.java:139)
	at org.springframework.aop.framework.ReflectiveMethodInvocation.proceed(ReflectiveMethodInvocation.java:186)
	at org.springframework.aop.framework.CglibAopProxy$DynamicAdvisedInterceptor.intercept(CglibAopProxy.java:688)
	at com.alibaba.cloud.dubbo.metadata.repository.DubboServiceMetadataRepository$$EnhancerBySpringCGLIB$$ca76eb97.getDubboMetadataServiceMetadata(<generated>)
	at com.alibaba.cloud.dubbo.autoconfigure.DubboServiceRegistrationAutoConfiguration.attachDubboMetadataServiceMetadata(DubboServiceRegistrationAutoConfiguration.java:115)
	at com.alibaba.cloud.dubbo.autoconfigure.DubboServiceRegistrationAutoConfiguration.attachDubboMetadataServiceMetadata(DubboServiceRegistrationAutoConfiguration.java:109)
	at com.alibaba.cloud.dubbo.autoconfigure.DubboServiceRegistrationAutoConfiguration.onServiceInstancePreRegistered(DubboServiceRegistrationAutoConfiguration.java:100)
	at sun.reflect.NativeMethodAccessorImpl.invoke0(Native Method)
	at sun.reflect.NativeMethodAccessorImpl.invoke(NativeMethodAccessorImpl.java:62)
	at sun.reflect.DelegatingMethodAccessorImpl.invoke(DelegatingMethodAccessorImpl.java:43)
	at java.lang.reflect.Method.invoke(Method.java:498)
	at org.springframework.context.event.ApplicationListenerMethodAdapter.doInvoke(ApplicationListenerMethodAdapter.java:259)
	at org.springframework.context.event.ApplicationListenerMethodAdapter.processEvent(ApplicationListenerMethodAdapter.java:179)
	at org.springframework.context.event.ApplicationListenerMethodAdapter.onApplicationEvent(ApplicationListenerMethodAdapter.java:142)
	at org.springframework.context.event.SimpleApplicationEventMulticaster.doInvokeListener(SimpleApplicationEventMulticaster.java:172)
	at org.springframework.context.event.SimpleApplicationEventMulticaster.invokeListener(SimpleApplicationEventMulticaster.java:165)
	at org.springframework.context.event.SimpleApplicationEventMulticaster.multicastEvent(SimpleApplicationEventMulticaster.java:139)
	at org.springframework.context.support.AbstractApplicationContext.publishEvent(AbstractApplicationContext.java:402)
	at org.springframework.context.support.AbstractApplicationContext.publishEvent(AbstractApplicationContext.java:359)
	at com.alibaba.cloud.dubbo.registry.DubboServiceRegistrationEventPublishingAspect.beforeRegister(DubboServiceRegistrationEventPublishingAspect.java:51)
	at sun.reflect.NativeMethodAccessorImpl.invoke0(Native Method)
	at sun.reflect.NativeMethodAccessorImpl.invoke(NativeMethodAccessorImpl.java:62)
	at sun.reflect.DelegatingMethodAccessorImpl.invoke(DelegatingMethodAccessorImpl.java:43)
	at java.lang.reflect.Method.invoke(Method.java:498)
	at org.springframework.aop.aspectj.AbstractAspectJAdvice.invokeAdviceMethodWithGivenArgs(AbstractAspectJAdvice.java:644)
	at org.springframework.aop.aspectj.AbstractAspectJAdvice.invokeAdviceMethod(AbstractAspectJAdvice.java:626)
	at org.springframework.aop.aspectj.AspectJMethodBeforeAdvice.before(AspectJMethodBeforeAdvice.java:44)
	at org.springframework.aop.framework.adapter.MethodBeforeAdviceInterceptor.invoke(MethodBeforeAdviceInterceptor.java:55)
	at org.springframework.aop.framework.ReflectiveMethodInvocation.proceed(ReflectiveMethodInvocation.java:175)
	at org.springframework.aop.aspectj.AspectJAfterAdvice.invoke(AspectJAfterAdvice.java:47)
	at org.springframework.aop.framework.ReflectiveMethodInvocation.proceed(ReflectiveMethodInvocation.java:175)
	at org.springframework.aop.interceptor.ExposeInvocationInterceptor.invoke(ExposeInvocationInterceptor.java:93)
	at org.springframework.aop.framework.ReflectiveMethodInvocation.proceed(ReflectiveMethodInvocation.java:186)
	at org.springframework.aop.framework.CglibAopProxy$DynamicAdvisedInterceptor.intercept(CglibAopProxy.java:688)
	at com.alibaba.cloud.nacos.registry.NacosServiceRegistry$$EnhancerBySpringCGLIB$$6e6351ef.register(<generated>)
	at org.springframework.cloud.client.serviceregistry.AbstractAutoServiceRegistration.register(AbstractAutoServiceRegistration.java:219)
	at com.alibaba.cloud.nacos.registry.NacosAutoServiceRegistration.register(NacosAutoServiceRegistration.java:74)
	at org.springframework.cloud.client.serviceregistry.AbstractAutoServiceRegistration.start(AbstractAutoServiceRegistration.java:118)
	at org.springframework.cloud.client.serviceregistry.AbstractAutoServiceRegistration.bind(AbstractAutoServiceRegistration.java:82)
	at org.springframework.cloud.client.serviceregistry.AbstractAutoServiceRegistration.onApplicationEvent(AbstractAutoServiceRegistration.java:69)
	at org.springframework.cloud.client.serviceregistry.AbstractAutoServiceRegistration.onApplicationEvent(AbstractAutoServiceRegistration.java:32)
	at org.springframework.context.event.SimpleApplicationEventMulticaster.doInvokeListener(SimpleApplicationEventMulticaster.java:172)
	at org.springframework.context.event.SimpleApplicationEventMulticaster.invokeListener(SimpleApplicationEventMulticaster.java:165)
	at org.springframework.context.event.SimpleApplicationEventMulticaster.multicastEvent(SimpleApplicationEventMulticaster.java:139)
	at org.springframework.context.support.AbstractApplicationContext.publishEvent(AbstractApplicationContext.java:402)
	at org.springframework.context.support.AbstractApplicationContext.publishEvent(AbstractApplicationContext.java:359)
	at org.springframework.boot.web.servlet.context.ServletWebServerApplicationContext.finishRefresh(ServletWebServerApplicationContext.java:166)
	at org.springframework.context.support.AbstractApplicationContext.refresh(AbstractApplicationContext.java:552)
	at org.springframework.boot.web.servlet.context.ServletWebServerApplicationContext.refresh(ServletWebServerApplicationContext.java:142)
	at org.springframework.boot.SpringApplication.refresh(SpringApplication.java:775)
	at org.springframework.boot.SpringApplication.refreshContext(SpringApplication.java:397)
	at org.springframework.boot.SpringApplication.run(SpringApplication.java:316)
	at org.springframework.boot.SpringApplication.run(SpringApplication.java:1260)
	at org.springframework.boot.SpringApplication.run(SpringApplication.java:1248)
	at com.shanjupay.user.UserBootstrap.main(UserBootstrap.java:17)
Caused by: java.lang.IllegalStateException: failed to req API:/nacos/v1/ns/instance after all servers([127.0.0.1:8848]) tried: failed to req API:127.0.0.1:8848/nacos/v1/ns/instance. code:500 msg: caused: Get data failed, key: com.alibaba.nacos.naming.iplist.public##DEFAULT_GROUP@@providers:com.alibaba.cloud.dubbo.service.DubboMetadataService:1.0.0:user-service;
	at com.alibaba.nacos.client.naming.net.NamingProxy.reqAPI(NamingProxy.java:464)
	at com.alibaba.nacos.client.naming.net.NamingProxy.reqAPI(NamingProxy.java:386)
	at com.alibaba.nacos.client.naming.net.NamingProxy.registerService(NamingProxy.java:188)
	at com.alibaba.nacos.client.naming.NacosNamingService.registerInstance(NacosNamingService.java:205)
	at com.alibaba.nacos.client.naming.NacosNamingService.registerInstance(NacosNamingService.java:184)
	at org.apache.dubbo.registry.nacos.NacosRegistry.lambda$doRegister$1(NacosRegistry.java:153)
	at org.apache.dubbo.registry.nacos.NacosRegistry.execute(NacosRegistry.java:466)
	at org.apache.dubbo.registry.nacos.NacosRegistry.doRegister(NacosRegistry.java:153)
	at org.apache.dubbo.registry.support.FailbackRegistry.register(FailbackRegistry.java:236)
	... 71 more
[${project.name}][${env:SERVER_PORT}] 2022-08-01 17:46:49,257 ERROR [com.alibaba.nacos.naming.beat.sender][NamingProxy.java:454] - request 127.0.0.1:8848 failed.
ErrCode:500, ErrMsg:failed to req API:127.0.0.1:8848/nacos/v1/ns/instance/beat. code:500 msg: caused: Get data failed, key: com.alibaba.nacos.naming.iplist.public##DEFAULT_GROUP@@consumers:com.alibaba.cloud.dubbo.service.DubboMetadataService:1.0.0:transaction-service;
	at com.alibaba.nacos.client.naming.net.NamingProxy.callServer(NamingProxy.java:424)
	at com.alibaba.nacos.client.naming.net.NamingProxy.reqAPI(NamingProxy.java:451)
	at com.alibaba.nacos.client.naming.net.NamingProxy.reqAPI(NamingProxy.java:386)
	at com.alibaba.nacos.client.naming.net.NamingProxy.sendBeat(NamingProxy.java:309)
	at com.alibaba.nacos.client.naming.beat.BeatReactor$BeatTask.run(BeatReactor.java:92)
	at java.util.concurrent.Executors$RunnableAdapter.call(Executors.java:511)
	at java.util.concurrent.FutureTask.run(FutureTask.java:266)
	at java.util.concurrent.ScheduledThreadPoolExecutor$ScheduledFutureTask.access$201(ScheduledThreadPoolExecutor.java:180)
	at java.util.concurrent.ScheduledThreadPoolExecutor$ScheduledFutureTask.run(ScheduledThreadPoolExecutor.java:293)
	at java.util.concurrent.ThreadPoolExecutor.runWorker(ThreadPoolExecutor.java:1149)
	at java.util.concurrent.ThreadPoolExecutor$Worker.run(ThreadPoolExecutor.java:624)
	at java.lang.Thread.run(Thread.java:748)
[${project.name}][${env:SERVER_PORT}] 2022-08-01 17:46:49,257 ERROR [com.alibaba.nacos.naming.client.listener][NamingProxy.java:454] - request 127.0.0.1:8848 failed.
ErrCode:500, ErrMsg:failed to req API:127.0.0.1:8848/nacos/v1/ns/instance. code:500 msg: caused: Get data failed, key: com.alibaba.nacos.naming.iplist.public##DEFAULT_GROUP@@consumers:com.alibaba.cloud.dubbo.service.DubboMetadataService:1.0.0:transaction-service;
	at com.alibaba.nacos.client.naming.net.NamingProxy.callServer(NamingProxy.java:424)
	at com.alibaba.nacos.client.naming.net.NamingProxy.reqAPI(NamingProxy.java:451)
	at com.alibaba.nacos.client.naming.net.NamingProxy.reqAPI(NamingProxy.java:386)
	at com.alibaba.nacos.client.naming.net.NamingProxy.registerService(NamingProxy.java:188)
	at com.alibaba.nacos.client.naming.NacosNamingService.registerInstance(NacosNamingService.java:205)
	at com.alibaba.nacos.client.naming.NacosNamingService.registerInstance(NacosNamingService.java:184)
	at org.apache.dubbo.registry.nacos.NacosRegistry.lambda$doRegister$1(NacosRegistry.java:153)
	at org.apache.dubbo.registry.nacos.NacosRegistry.execute(NacosRegistry.java:466)
	at org.apache.dubbo.registry.nacos.NacosRegistry.doRegister(NacosRegistry.java:153)
	at org.apache.dubbo.registry.support.FailbackRegistry.register(FailbackRegistry.java:236)
	at org.apache.dubbo.registry.integration.RegistryProtocol.doRefer(RegistryProtocol.java:408)
	at org.apache.dubbo.registry.integration.RegistryProtocol.refer(RegistryProtocol.java:392)
	at org.apache.dubbo.rpc.protocol.ProtocolFilterWrapper.refer(ProtocolFilterWrapper.java:128)
	at org.apache.dubbo.rpc.protocol.ProtocolListenerWrapper.refer(ProtocolListenerWrapper.java:69)
	at org.apache.dubbo.qos.protocol.QosProtocolWrapper.refer(QosProtocolWrapper.java:70)
	at org.apache.dubbo.rpc.Protocol$Adaptive.refer(Protocol$Adaptive.java)
	at org.apache.dubbo.config.ReferenceConfig.createProxy(ReferenceConfig.java:401)
	at org.apache.dubbo.config.ReferenceConfig.init(ReferenceConfig.java:329)
	at org.apache.dubbo.config.ReferenceConfig.get(ReferenceConfig.java:250)
	at com.alibaba.cloud.dubbo.service.DubboGenericServiceFactory.create(DubboGenericServiceFactory.java:80)
	at com.alibaba.cloud.dubbo.service.DubboMetadataServiceInvocationHandler.<init>(DubboMetadataServiceInvocationHandler.java:41)
	at com.alibaba.cloud.dubbo.service.DubboMetadataServiceProxy.newProxy(DubboMetadataServiceProxy.java:83)
	at com.alibaba.cloud.dubbo.service.DubboMetadataServiceProxy.lambda$initProxy$0(DubboMetadataServiceProxy.java:52)
	at java.util.concurrent.ConcurrentHashMap.computeIfAbsent(ConcurrentHashMap.java:1660)
	at com.alibaba.cloud.dubbo.service.DubboMetadataServiceProxy.initProxy(DubboMetadataServiceProxy.java:51)
	at com.alibaba.cloud.dubbo.metadata.repository.DubboServiceMetadataRepository.initDubboMetadataServiceProxy(DubboServiceMetadataRepository.java:640)
	at com.alibaba.cloud.dubbo.metadata.repository.DubboServiceMetadataRepository.lambda$null$4(DubboServiceMetadataRepository.java:619)
	at java.util.ArrayList.forEach(ArrayList.java:1257)
	at com.alibaba.cloud.dubbo.metadata.repository.DubboServiceMetadataRepository.lambda$initSubscribedDubboMetadataService$5(DubboServiceMetadataRepository.java:615)
	at java.util.Optional.ifPresent(Optional.java:159)
	at com.alibaba.cloud.dubbo.metadata.repository.DubboServiceMetadataRepository.initSubscribedDubboMetadataService(DubboServiceMetadataRepository.java:614)
	at com.alibaba.cloud.dubbo.metadata.repository.DubboServiceMetadataRepository.initializeMetadata(DubboServiceMetadataRepository.java:286)
	at com.alibaba.cloud.dubbo.registry.AbstractSpringCloudRegistry.subscribeDubboServiceURL(AbstractSpringCloudRegistry.java:228)
	at com.alibaba.cloud.dubbo.registry.AbstractSpringCloudRegistry$1.onApplicationEvent(AbstractSpringCloudRegistry.java:193)
	at com.alibaba.cloud.dubbo.registry.AbstractSpringCloudRegistry$1.onApplicationEvent(AbstractSpringCloudRegistry.java:186)
	at org.springframework.context.event.SimpleApplicationEventMulticaster.doInvokeListener(SimpleApplicationEventMulticaster.java:172)
	at org.springframework.context.event.SimpleApplicationEventMulticaster.invokeListener(SimpleApplicationEventMulticaster.java:165)
	at org.springframework.context.event.SimpleApplicationEventMulticaster.multicastEvent(SimpleApplicationEventMulticaster.java:139)
	at org.springframework.context.support.AbstractApplicationContext.publishEvent(AbstractApplicationContext.java:402)
	at org.springframework.context.support.AbstractApplicationContext.publishEvent(AbstractApplicationContext.java:359)
	at com.alibaba.cloud.dubbo.autoconfigure.DubboServiceDiscoveryAutoConfiguration.dispatchServiceInstancesChangedEvent(DubboServiceDiscoveryAutoConfiguration.java:161)
	at com.alibaba.cloud.dubbo.autoconfigure.DubboServiceDiscoveryAutoConfiguration.access$200(DubboServiceDiscoveryAutoConfiguration.java:107)
	at com.alibaba.cloud.dubbo.autoconfigure.DubboServiceDiscoveryAutoConfiguration$NacosConfiguration.lambda$subscribeEventListener$1(DubboServiceDiscoveryAutoConfiguration.java:541)
	at com.alibaba.nacos.client.naming.core.EventDispatcher$Notifier.run(EventDispatcher.java:128)
	at java.util.concurrent.ThreadPoolExecutor.runWorker(ThreadPoolExecutor.java:1149)
	at java.util.concurrent.ThreadPoolExecutor$Worker.run(ThreadPoolExecutor.java:624)
	at java.lang.Thread.run(Thread.java:748)
[${project.name}][${env:SERVER_PORT}] 2022-08-01 17:46:49,258 ERROR [com.alibaba.nacos.naming.beat.sender][NamingProxy.java:316] - [CLIENT-BEAT] failed to send beat: {"ip":"192.168.0.26","metadata":{"side":"consumer","lazy":"false","release":"2.7.3","qos.port":"22310","dubbo":"2.0.2","pid":"20676","check":"false","interface":"com.alibaba.cloud.dubbo.service.DubboMetadataService","version":"1.0.0","generic":"true","qos.enable":"false","timeout":"3000","retries":"-1","path":"org.apache.dubbo.rpc.service.GenericService","protocol":"consumer","application":"merchant-application","sticky":"false","category":"consumers","group":"transaction-service","timestamp":"1659347209249"},"period":5000,"port":0,"scheduled":false,"serviceName":"DEFAULT_GROUP@@consumers:com.alibaba.cloud.dubbo.service.DubboMetadataService:1.0.0:transaction-service","stopped":false,"weight":1.0}
java.lang.IllegalStateException: failed to req API:/nacos/v1/ns/instance/beat after all servers([127.0.0.1:8848]) tried: failed to req API:127.0.0.1:8848/nacos/v1/ns/instance/beat. code:500 msg: caused: Get data failed, key: com.alibaba.nacos.naming.iplist.public##DEFAULT_GROUP@@consumers:com.alibaba.cloud.dubbo.service.DubboMetadataService:1.0.0:transaction-service;
	at com.alibaba.nacos.client.naming.net.NamingProxy.reqAPI(NamingProxy.java:464)
	at com.alibaba.nacos.client.naming.net.NamingProxy.reqAPI(NamingProxy.java:386)
	at com.alibaba.nacos.client.naming.net.NamingProxy.sendBeat(NamingProxy.java:309)
	at com.alibaba.nacos.client.naming.beat.BeatReactor$BeatTask.run(BeatReactor.java:92)
	at java.util.concurrent.Executors$RunnableAdapter.call(Executors.java:511)
	at java.util.concurrent.FutureTask.run(FutureTask.java:266)
	at java.util.concurrent.ScheduledThreadPoolExecutor$ScheduledFutureTask.access$201(ScheduledThreadPoolExecutor.java:180)
	at java.util.concurrent.ScheduledThreadPoolExecutor$ScheduledFutureTask.run(ScheduledThreadPoolExecutor.java:293)
	at java.util.concurrent.ThreadPoolExecutor.runWorker(ThreadPoolExecutor.java:1149)
	at java.util.concurrent.ThreadPoolExecutor$Worker.run(ThreadPoolExecutor.java:624)
	at java.lang.Thread.run(Thread.java:748)
[${project.name}][${env:SERVER_PORT}] 2022-08-01 17:46:49,259 ERROR [com.alibaba.nacos.naming.client.listener][FailbackRegistry.java:251] -  [DUBBO] Failed to register consumer://192.168.0.26/org.apache.dubbo.rpc.service.GenericService?application=merchant-application&category=consumers&check=false&dubbo=2.0.2&generic=true&group=transaction-service&interface=com.alibaba.cloud.dubbo.service.DubboMetadataService&lazy=false&pid=20676&qos.enable=false&qos.port=22310&release=2.7.3&retries=-1&side=consumer&sticky=false&timeout=3000&timestamp=1659347209249&version=1.0.0, waiting for retry, cause: failed to req API:/nacos/v1/ns/instance after all servers([127.0.0.1:8848]) tried: failed to req API:127.0.0.1:8848/nacos/v1/ns/instance. code:500 msg: caused: Get data failed, key: com.alibaba.nacos.naming.iplist.public##DEFAULT_GROUP@@consumers:com.alibaba.cloud.dubbo.service.DubboMetadataService:1.0.0:transaction-service;, dubbo version: 2.7.3, current host: 192.168.0.26
java.lang.IllegalStateException: failed to req API:/nacos/v1/ns/instance after all servers([127.0.0.1:8848]) tried: failed to req API:127.0.0.1:8848/nacos/v1/ns/instance. code:500 msg: caused: Get data failed, key: com.alibaba.nacos.naming.iplist.public##DEFAULT_GROUP@@consumers:com.alibaba.cloud.dubbo.service.DubboMetadataService:1.0.0:transaction-service;
	at com.alibaba.nacos.client.naming.net.NamingProxy.reqAPI(NamingProxy.java:464)
	at com.alibaba.nacos.client.naming.net.NamingProxy.reqAPI(NamingProxy.java:386)
	at com.alibaba.nacos.client.naming.net.NamingProxy.registerService(NamingProxy.java:188)
	at com.alibaba.nacos.client.naming.NacosNamingService.registerInstance(NacosNamingService.java:205)
	at com.alibaba.nacos.client.naming.NacosNamingService.registerInstance(NacosNamingService.java:184)
	at org.apache.dubbo.registry.nacos.NacosRegistry.lambda$doRegister$1(NacosRegistry.java:153)
	at org.apache.dubbo.registry.nacos.NacosRegistry.execute(NacosRegistry.java:466)
	at org.apache.dubbo.registry.nacos.NacosRegistry.doRegister(NacosRegistry.java:153)
	at org.apache.dubbo.registry.support.FailbackRegistry.register(FailbackRegistry.java:236)
	at org.apache.dubbo.registry.integration.RegistryProtocol.doRefer(RegistryProtocol.java:408)
	at org.apache.dubbo.registry.integration.RegistryProtocol.refer(RegistryProtocol.java:392)
	at org.apache.dubbo.rpc.protocol.ProtocolFilterWrapper.refer(ProtocolFilterWrapper.java:128)
	at org.apache.dubbo.rpc.protocol.ProtocolListenerWrapper.refer(ProtocolListenerWrapper.java:69)
	at org.apache.dubbo.qos.protocol.QosProtocolWrapper.refer(QosProtocolWrapper.java:70)
	at org.apache.dubbo.rpc.Protocol$Adaptive.refer(Protocol$Adaptive.java)
	at org.apache.dubbo.config.ReferenceConfig.createProxy(ReferenceConfig.java:401)
	at org.apache.dubbo.config.ReferenceConfig.init(ReferenceConfig.java:329)
	at org.apache.dubbo.config.ReferenceConfig.get(ReferenceConfig.java:250)
	at com.alibaba.cloud.dubbo.service.DubboGenericServiceFactory.create(DubboGenericServiceFactory.java:80)
	at com.alibaba.cloud.dubbo.service.DubboMetadataServiceInvocationHandler.<init>(DubboMetadataServiceInvocationHandler.java:41)
	at com.alibaba.cloud.dubbo.service.DubboMetadataServiceProxy.newProxy(DubboMetadataServiceProxy.java:83)
	at com.alibaba.cloud.dubbo.service.DubboMetadataServiceProxy.lambda$initProxy$0(DubboMetadataServiceProxy.java:52)
	at java.util.concurrent.ConcurrentHashMap.computeIfAbsent(ConcurrentHashMap.java:1660)
	at com.alibaba.cloud.dubbo.service.DubboMetadataServiceProxy.initProxy(DubboMetadataServiceProxy.java:51)
	at com.alibaba.cloud.dubbo.metadata.repository.DubboServiceMetadataRepository.initDubboMetadataServiceProxy(DubboServiceMetadataRepository.java:640)
	at com.alibaba.cloud.dubbo.metadata.repository.DubboServiceMetadataRepository.lambda$null$4(DubboServiceMetadataRepository.java:619)
	at java.util.ArrayList.forEach(ArrayList.java:1257)
	at com.alibaba.cloud.dubbo.metadata.repository.DubboServiceMetadataRepository.lambda$initSubscribedDubboMetadataService$5(DubboServiceMetadataRepository.java:615)
	at java.util.Optional.ifPresent(Optional.java:159)
	at com.alibaba.cloud.dubbo.metadata.repository.DubboServiceMetadataRepository.initSubscribedDubboMetadataService(DubboServiceMetadataRepository.java:614)
	at com.alibaba.cloud.dubbo.metadata.repository.DubboServiceMetadataRepository.initializeMetadata(DubboServiceMetadataRepository.java:286)
	at com.alibaba.cloud.dubbo.registry.AbstractSpringCloudRegistry.subscribeDubboServiceURL(AbstractSpringCloudRegistry.java:228)
	at com.alibaba.cloud.dubbo.registry.AbstractSpringCloudRegistry$1.onApplicationEvent(AbstractSpringCloudRegistry.java:193)
	at com.alibaba.cloud.dubbo.registry.AbstractSpringCloudRegistry$1.onApplicationEvent(AbstractSpringCloudRegistry.java:186)
	at org.springframework.context.event.SimpleApplicationEventMulticaster.doInvokeListener(SimpleApplicationEventMulticaster.java:172)
	at org.springframework.context.event.SimpleApplicationEventMulticaster.invokeListener(SimpleApplicationEventMulticaster.java:165)
	at org.springframework.context.event.SimpleApplicationEventMulticaster.multicastEvent(SimpleApplicationEventMulticaster.java:139)
	at org.springframework.context.support.AbstractApplicationContext.publishEvent(AbstractApplicationContext.java:402)
	at org.springframework.context.support.AbstractApplicationContext.publishEvent(AbstractApplicationContext.java:359)
	at com.alibaba.cloud.dubbo.autoconfigure.DubboServiceDiscoveryAutoConfiguration.dispatchServiceInstancesChangedEvent(DubboServiceDiscoveryAutoConfiguration.java:161)
	at com.alibaba.cloud.dubbo.autoconfigure.DubboServiceDiscoveryAutoConfiguration.access$200(DubboServiceDiscoveryAutoConfiguration.java:107)
	at com.alibaba.cloud.dubbo.autoconfigure.DubboServiceDiscoveryAutoConfiguration$NacosConfiguration.lambda$subscribeEventListener$1(DubboServiceDiscoveryAutoConfiguration.java:541)
	at com.alibaba.nacos.client.naming.core.EventDispatcher$Notifier.run(EventDispatcher.java:128)
	at java.util.concurrent.ThreadPoolExecutor.runWorker(ThreadPoolExecutor.java:1149)
	at java.util.concurrent.ThreadPoolExecutor$Worker.run(ThreadPoolExecutor.java:624)
	at java.lang.Thread.run(Thread.java:748)
