[${project.name}][${env:SERVER_PORT}] 2022-07-30 11:59:54,793 ERROR [main][DubboMetadataServiceInvocationHandler.java:54] - No provider available in [invoker :interface org.apache.dubbo.rpc.service.GenericService -> spring-cloud://localhost:9090/org.apache.dubbo.registry.RegistryService?anyhost=true&application=merchant-service&bind.ip=192.168.31.236&bind.port=20891&check=false&deprecated=false&dubbo=2.0.2&dynamic=true&generic=true&group=merchant-application&interface=com.alibaba.cloud.dubbo.service.DubboMetadataService&lazy=false&methods=getAllServiceKeys,getServiceRestMetadata,getExportedURLs,getAllExportedURLs&pid=10368&qos.enable=false&qos.port=22240&register=true&register.ip=192.168.31.236&release=2.7.3&remote.application=merchant-application&retries=-1&revision=2.1.0.RELEASE&side=consumer&sticky=false&timeout=90000&timestamp=1659153591438&version=1.0.0,directory: org.apache.dubbo.registry.integration.RegistryDirectory@1f408ab6, invoker :interface org.apache.dubbo.rpc.service.GenericService -> nacos://127.0.0.1:8848/org.apache.dubbo.registry.RegistryService?application=merchant-service&check=false&dubbo=2.0.2&generic=true&group=merchant-application&interface=com.alibaba.cloud.dubbo.service.DubboMetadataService&lazy=false&pid=10368&qos.enable=false&qos.port=22240&register.ip=192.168.31.236&release=2.7.3&retries=-1&side=consumer&sticky=false&timeout=90000&timestamp=1659153591438&version=1.0.0,directory: org.apache.dubbo.registry.integration.RegistryDirectory@3a54638b]
org.apache.dubbo.rpc.RpcException: No provider available in [invoker :interface org.apache.dubbo.rpc.service.GenericService -> spring-cloud://localhost:9090/org.apache.dubbo.registry.RegistryService?anyhost=true&application=merchant-service&bind.ip=192.168.31.236&bind.port=20891&check=false&deprecated=false&dubbo=2.0.2&dynamic=true&generic=true&group=merchant-application&interface=com.alibaba.cloud.dubbo.service.DubboMetadataService&lazy=false&methods=getAllServiceKeys,getServiceRestMetadata,getExportedURLs,getAllExportedURLs&pid=10368&qos.enable=false&qos.port=22240&register=true&register.ip=192.168.31.236&release=2.7.3&remote.application=merchant-application&retries=-1&revision=2.1.0.RELEASE&side=consumer&sticky=false&timeout=90000&timestamp=1659153591438&version=1.0.0,directory: org.apache.dubbo.registry.integration.RegistryDirectory@1f408ab6, invoker :interface org.apache.dubbo.rpc.service.GenericService -> nacos://127.0.0.1:8848/org.apache.dubbo.registry.RegistryService?application=merchant-service&check=false&dubbo=2.0.2&generic=true&group=merchant-application&interface=com.alibaba.cloud.dubbo.service.DubboMetadataService&lazy=false&pid=10368&qos.enable=false&qos.port=22240&register.ip=192.168.31.236&release=2.7.3&retries=-1&side=consumer&sticky=false&timeout=90000&timestamp=1659153591438&version=1.0.0,directory: org.apache.dubbo.registry.integration.RegistryDirectory@3a54638b]
	at org.apache.dubbo.rpc.cluster.support.RegistryAwareClusterInvoker.doInvoke(RegistryAwareClusterInvoker.java:59)
	at org.apache.dubbo.rpc.cluster.support.AbstractClusterInvoker.invoke(AbstractClusterInvoker.java:248)
	at org.apache.dubbo.rpc.cluster.support.wrapper.MockClusterInvoker.invoke(MockClusterInvoker.java:78)
	at org.apache.dubbo.rpc.proxy.InvokerInvocationHandler.invoke(InvokerInvocationHandler.java:55)
	at org.apache.dubbo.common.bytecode.proxy0.$invoke(proxy0.java)
	at com.alibaba.cloud.dubbo.service.DubboMetadataServiceInvocationHandler.invoke(DubboMetadataServiceInvocationHandler.java:49)
	at com.sun.proxy.$Proxy155.getServiceRestMetadata(Unknown Source)
	at com.alibaba.cloud.dubbo.metadata.repository.DubboServiceMetadataRepository.getServiceRestMetadataSet(DubboServiceMetadataRepository.java:591)
	at com.alibaba.cloud.dubbo.metadata.repository.DubboServiceMetadataRepository.initDubboRestServiceMetadataRepository(DubboServiceMetadataRepository.java:479)
	at com.alibaba.cloud.dubbo.metadata.repository.DubboServiceMetadataRepository.initializeMetadata(DubboServiceMetadataRepository.java:287)
	at com.alibaba.cloud.dubbo.metadata.repository.DubboServiceMetadataRepository$$FastClassBySpringCGLIB$$4ef4b7bd.invoke(<generated>)
	at org.springframework.cglib.proxy.MethodProxy.invoke(MethodProxy.java:218)
	at org.springframework.aop.framework.CglibAopProxy$CglibMethodInvocation.invokeJoinpoint(CglibAopProxy.java:749)
	at org.springframework.aop.framework.ReflectiveMethodInvocation.proceed(ReflectiveMethodInvocation.java:163)
	at org.springframework.dao.support.PersistenceExceptionTranslationInterceptor.invoke(PersistenceExceptionTranslationInterceptor.java:139)
	at org.springframework.aop.framework.ReflectiveMethodInvocation.proceed(ReflectiveMethodInvocation.java:186)
	at org.springframework.aop.framework.CglibAopProxy$DynamicAdvisedInterceptor.intercept(CglibAopProxy.java:688)
	at com.alibaba.cloud.dubbo.metadata.repository.DubboServiceMetadataRepository$$EnhancerBySpringCGLIB$$81e70bd2.initializeMetadata(<generated>)
	at com.alibaba.cloud.dubbo.registry.AbstractSpringCloudRegistry.subscribeDubboServiceURL(AbstractSpringCloudRegistry.java:228)
	at com.alibaba.cloud.dubbo.registry.AbstractSpringCloudRegistry.lambda$doSubscribeDubboServiceURLs$0(AbstractSpringCloudRegistry.java:204)
	at java.lang.Iterable.forEach(Iterable.java:75)
	at java.util.Collections$UnmodifiableCollection.forEach(Collections.java:1082)
	at com.alibaba.cloud.dubbo.registry.AbstractSpringCloudRegistry.doSubscribeDubboServiceURLs(AbstractSpringCloudRegistry.java:204)
	at com.alibaba.cloud.dubbo.registry.AbstractSpringCloudRegistry.subscribeDubboServiceURLs(AbstractSpringCloudRegistry.java:169)
	at com.alibaba.cloud.dubbo.registry.AbstractSpringCloudRegistry.doSubscribe(AbstractSpringCloudRegistry.java:163)
	at org.apache.dubbo.registry.support.FailbackRegistry.subscribe(FailbackRegistry.java:295)
	at org.apache.dubbo.registry.integration.RegistryDirectory.subscribe(RegistryDirectory.java:172)
	at org.apache.dubbo.registry.integration.RegistryProtocol.doRefer(RegistryProtocol.java:411)
	at org.apache.dubbo.registry.integration.RegistryProtocol.refer(RegistryProtocol.java:392)
	at org.apache.dubbo.rpc.protocol.ProtocolListenerWrapper.refer(ProtocolListenerWrapper.java:69)
	at org.apache.dubbo.qos.protocol.QosProtocolWrapper.refer(QosProtocolWrapper.java:70)
	at org.apache.dubbo.rpc.protocol.ProtocolFilterWrapper.refer(ProtocolFilterWrapper.java:128)
	at org.apache.dubbo.rpc.Protocol$Adaptive.refer(Protocol$Adaptive.java)
	at org.apache.dubbo.config.ReferenceConfig.createProxy(ReferenceConfig.java:401)
	at org.apache.dubbo.config.ReferenceConfig.init(ReferenceConfig.java:329)
	at org.apache.dubbo.config.ReferenceConfig.get(ReferenceConfig.java:250)
	at org.apache.dubbo.config.spring.beans.factory.annotation.ReferenceAnnotationBeanPostProcessor$ReferenceBeanInvocationHandler.init(ReferenceAnnotationBeanPostProcessor.java:269)
	at org.apache.dubbo.config.spring.beans.factory.annotation.ReferenceAnnotationBeanPostProcessor$ReferenceBeanInvocationHandler.access$100(ReferenceAnnotationBeanPostProcessor.java:242)
	at org.apache.dubbo.config.spring.beans.factory.annotation.ReferenceAnnotationBeanPostProcessor.buildInvocationHandler(ReferenceAnnotationBeanPostProcessor.java:236)
	at org.apache.dubbo.config.spring.beans.factory.annotation.ReferenceAnnotationBeanPostProcessor.buildProxy(ReferenceAnnotationBeanPostProcessor.java:219)
	at org.apache.dubbo.config.spring.beans.factory.annotation.ReferenceAnnotationBeanPostProcessor.doGetInjectedBean(ReferenceAnnotationBeanPostProcessor.java:134)
	at org.apache.dubbo.config.spring.beans.factory.annotation.AnnotationInjectedBeanPostProcessor.getInjectedObject(AnnotationInjectedBeanPostProcessor.java:360)
	at org.apache.dubbo.config.spring.beans.factory.annotation.AnnotationInjectedBeanPostProcessor$AnnotatedFieldElement.inject(AnnotationInjectedBeanPostProcessor.java:540)
	at org.springframework.beans.factory.annotation.InjectionMetadata.inject(InjectionMetadata.java:90)
	at org.apache.dubbo.config.spring.beans.factory.annotation.AnnotationInjectedBeanPostProcessor.postProcessPropertyValues(AnnotationInjectedBeanPostProcessor.java:147)
	at org.springframework.beans.factory.support.AbstractAutowireCapableBeanFactory.populateBean(AbstractAutowireCapableBeanFactory.java:1400)
	at org.springframework.beans.factory.support.AbstractAutowireCapableBeanFactory.doCreateBean(AbstractAutowireCapableBeanFactory.java:592)
	at org.springframework.beans.factory.support.AbstractAutowireCapableBeanFactory.createBean(AbstractAutowireCapableBeanFactory.java:515)
	at org.springframework.beans.factory.support.AbstractBeanFactory.lambda$doGetBean$0(AbstractBeanFactory.java:320)
	at org.springframework.beans.factory.support.DefaultSingletonBeanRegistry.getSingleton(DefaultSingletonBeanRegistry.java:222)
	at org.springframework.beans.factory.support.AbstractBeanFactory.doGetBean(AbstractBeanFactory.java:318)
	at org.springframework.beans.factory.support.AbstractBeanFactory.getBean(AbstractBeanFactory.java:199)
	at org.springframework.beans.factory.support.DefaultListableBeanFactory.preInstantiateSingletons(DefaultListableBeanFactory.java:849)
	at org.springframework.context.support.AbstractApplicationContext.finishBeanFactoryInitialization(AbstractApplicationContext.java:877)
	at org.springframework.context.support.AbstractApplicationContext.refresh(AbstractApplicationContext.java:549)
	at org.springframework.boot.web.servlet.context.ServletWebServerApplicationContext.refresh(ServletWebServerApplicationContext.java:142)
	at org.springframework.boot.SpringApplication.refresh(SpringApplication.java:775)
	at org.springframework.boot.SpringApplication.refreshContext(SpringApplication.java:397)
	at org.springframework.boot.SpringApplication.run(SpringApplication.java:316)
	at org.springframework.boot.SpringApplication.run(SpringApplication.java:1260)
	at org.springframework.boot.SpringApplication.run(SpringApplication.java:1248)
	at com.shanjupay.merchant.MerchantServiceC.main(MerchantServiceC.java:16)
[${project.name}][${env:SERVER_PORT}] 2022-07-30 11:59:54,796 ERROR [main][DubboMetadataServiceInvocationHandler.java:54] - No provider available in [invoker :interface org.apache.dubbo.rpc.service.GenericService -> spring-cloud://localhost:9090/org.apache.dubbo.registry.RegistryService?anyhost=true&application=merchant-service&bind.ip=192.168.31.236&bind.port=20891&check=false&deprecated=false&dubbo=2.0.2&dynamic=true&generic=true&group=merchant-application&interface=com.alibaba.cloud.dubbo.service.DubboMetadataService&lazy=false&methods=getAllServiceKeys,getServiceRestMetadata,getExportedURLs,getAllExportedURLs&pid=10368&qos.enable=false&qos.port=22240&register=true&register.ip=192.168.31.236&release=2.7.3&remote.application=merchant-application&retries=-1&revision=2.1.0.RELEASE&side=consumer&sticky=false&timeout=90000&timestamp=1659153591438&version=1.0.0,directory: org.apache.dubbo.registry.integration.RegistryDirectory@1f408ab6, invoker :interface org.apache.dubbo.rpc.service.GenericService -> nacos://127.0.0.1:8848/org.apache.dubbo.registry.RegistryService?application=merchant-service&check=false&dubbo=2.0.2&generic=true&group=merchant-application&interface=com.alibaba.cloud.dubbo.service.DubboMetadataService&lazy=false&pid=10368&qos.enable=false&qos.port=22240&register.ip=192.168.31.236&release=2.7.3&retries=-1&side=consumer&sticky=false&timeout=90000&timestamp=1659153591438&version=1.0.0,directory: org.apache.dubbo.registry.integration.RegistryDirectory@3a54638b]
org.apache.dubbo.rpc.RpcException: No provider available in [invoker :interface org.apache.dubbo.rpc.service.GenericService -> spring-cloud://localhost:9090/org.apache.dubbo.registry.RegistryService?anyhost=true&application=merchant-service&bind.ip=192.168.31.236&bind.port=20891&check=false&deprecated=false&dubbo=2.0.2&dynamic=true&generic=true&group=merchant-application&interface=com.alibaba.cloud.dubbo.service.DubboMetadataService&lazy=false&methods=getAllServiceKeys,getServiceRestMetadata,getExportedURLs,getAllExportedURLs&pid=10368&qos.enable=false&qos.port=22240&register=true&register.ip=192.168.31.236&release=2.7.3&remote.application=merchant-application&retries=-1&revision=2.1.0.RELEASE&side=consumer&sticky=false&timeout=90000&timestamp=1659153591438&version=1.0.0,directory: org.apache.dubbo.registry.integration.RegistryDirectory@1f408ab6, invoker :interface org.apache.dubbo.rpc.service.GenericService -> nacos://127.0.0.1:8848/org.apache.dubbo.registry.RegistryService?application=merchant-service&check=false&dubbo=2.0.2&generic=true&group=merchant-application&interface=com.alibaba.cloud.dubbo.service.DubboMetadataService&lazy=false&pid=10368&qos.enable=false&qos.port=22240&register.ip=192.168.31.236&release=2.7.3&retries=-1&side=consumer&sticky=false&timeout=90000&timestamp=1659153591438&version=1.0.0,directory: org.apache.dubbo.registry.integration.RegistryDirectory@3a54638b]
	at org.apache.dubbo.rpc.cluster.support.RegistryAwareClusterInvoker.doInvoke(RegistryAwareClusterInvoker.java:59)
	at org.apache.dubbo.rpc.cluster.support.AbstractClusterInvoker.invoke(AbstractClusterInvoker.java:248)
	at org.apache.dubbo.rpc.cluster.support.wrapper.MockClusterInvoker.invoke(MockClusterInvoker.java:78)
	at org.apache.dubbo.rpc.proxy.InvokerInvocationHandler.invoke(InvokerInvocationHandler.java:55)
	at org.apache.dubbo.common.bytecode.proxy0.$invoke(proxy0.java)
	at com.alibaba.cloud.dubbo.service.DubboMetadataServiceInvocationHandler.invoke(DubboMetadataServiceInvocationHandler.java:49)
	at com.sun.proxy.$Proxy155.getExportedURLs(Unknown Source)
	at com.alibaba.cloud.dubbo.registry.AbstractSpringCloudRegistry.getExportedURLs(AbstractSpringCloudRegistry.java:328)
	at com.alibaba.cloud.dubbo.registry.AbstractSpringCloudRegistry.subscribeDubboServiceURL(AbstractSpringCloudRegistry.java:260)
	at com.alibaba.cloud.dubbo.registry.AbstractSpringCloudRegistry.lambda$doSubscribeDubboServiceURLs$0(AbstractSpringCloudRegistry.java:204)
	at java.lang.Iterable.forEach(Iterable.java:75)
	at java.util.Collections$UnmodifiableCollection.forEach(Collections.java:1082)
	at com.alibaba.cloud.dubbo.registry.AbstractSpringCloudRegistry.doSubscribeDubboServiceURLs(AbstractSpringCloudRegistry.java:204)
	at com.alibaba.cloud.dubbo.registry.AbstractSpringCloudRegistry.subscribeDubboServiceURLs(AbstractSpringCloudRegistry.java:169)
	at com.alibaba.cloud.dubbo.registry.AbstractSpringCloudRegistry.doSubscribe(AbstractSpringCloudRegistry.java:163)
	at org.apache.dubbo.registry.support.FailbackRegistry.subscribe(FailbackRegistry.java:295)
	at org.apache.dubbo.registry.integration.RegistryDirectory.subscribe(RegistryDirectory.java:172)
	at org.apache.dubbo.registry.integration.RegistryProtocol.doRefer(RegistryProtocol.java:411)
	at org.apache.dubbo.registry.integration.RegistryProtocol.refer(RegistryProtocol.java:392)
	at org.apache.dubbo.rpc.protocol.ProtocolListenerWrapper.refer(ProtocolListenerWrapper.java:69)
	at org.apache.dubbo.qos.protocol.QosProtocolWrapper.refer(QosProtocolWrapper.java:70)
	at org.apache.dubbo.rpc.protocol.ProtocolFilterWrapper.refer(ProtocolFilterWrapper.java:128)
	at org.apache.dubbo.rpc.Protocol$Adaptive.refer(Protocol$Adaptive.java)
	at org.apache.dubbo.config.ReferenceConfig.createProxy(ReferenceConfig.java:401)
	at org.apache.dubbo.config.ReferenceConfig.init(ReferenceConfig.java:329)
	at org.apache.dubbo.config.ReferenceConfig.get(ReferenceConfig.java:250)
	at org.apache.dubbo.config.spring.beans.factory.annotation.ReferenceAnnotationBeanPostProcessor$ReferenceBeanInvocationHandler.init(ReferenceAnnotationBeanPostProcessor.java:269)
	at org.apache.dubbo.config.spring.beans.factory.annotation.ReferenceAnnotationBeanPostProcessor$ReferenceBeanInvocationHandler.access$100(ReferenceAnnotationBeanPostProcessor.java:242)
	at org.apache.dubbo.config.spring.beans.factory.annotation.ReferenceAnnotationBeanPostProcessor.buildInvocationHandler(ReferenceAnnotationBeanPostProcessor.java:236)
	at org.apache.dubbo.config.spring.beans.factory.annotation.ReferenceAnnotationBeanPostProcessor.buildProxy(ReferenceAnnotationBeanPostProcessor.java:219)
	at org.apache.dubbo.config.spring.beans.factory.annotation.ReferenceAnnotationBeanPostProcessor.doGetInjectedBean(ReferenceAnnotationBeanPostProcessor.java:134)
	at org.apache.dubbo.config.spring.beans.factory.annotation.AnnotationInjectedBeanPostProcessor.getInjectedObject(AnnotationInjectedBeanPostProcessor.java:360)
	at org.apache.dubbo.config.spring.beans.factory.annotation.AnnotationInjectedBeanPostProcessor$AnnotatedFieldElement.inject(AnnotationInjectedBeanPostProcessor.java:540)
	at org.springframework.beans.factory.annotation.InjectionMetadata.inject(InjectionMetadata.java:90)
	at org.apache.dubbo.config.spring.beans.factory.annotation.AnnotationInjectedBeanPostProcessor.postProcessPropertyValues(AnnotationInjectedBeanPostProcessor.java:147)
	at org.springframework.beans.factory.support.AbstractAutowireCapableBeanFactory.populateBean(AbstractAutowireCapableBeanFactory.java:1400)
	at org.springframework.beans.factory.support.AbstractAutowireCapableBeanFactory.doCreateBean(AbstractAutowireCapableBeanFactory.java:592)
	at org.springframework.beans.factory.support.AbstractAutowireCapableBeanFactory.createBean(AbstractAutowireCapableBeanFactory.java:515)
	at org.springframework.beans.factory.support.AbstractBeanFactory.lambda$doGetBean$0(AbstractBeanFactory.java:320)
	at org.springframework.beans.factory.support.DefaultSingletonBeanRegistry.getSingleton(DefaultSingletonBeanRegistry.java:222)
	at org.springframework.beans.factory.support.AbstractBeanFactory.doGetBean(AbstractBeanFactory.java:318)
	at org.springframework.beans.factory.support.AbstractBeanFactory.getBean(AbstractBeanFactory.java:199)
	at org.springframework.beans.factory.support.DefaultListableBeanFactory.preInstantiateSingletons(DefaultListableBeanFactory.java:849)
	at org.springframework.context.support.AbstractApplicationContext.finishBeanFactoryInitialization(AbstractApplicationContext.java:877)
	at org.springframework.context.support.AbstractApplicationContext.refresh(AbstractApplicationContext.java:549)
	at org.springframework.boot.web.servlet.context.ServletWebServerApplicationContext.refresh(ServletWebServerApplicationContext.java:142)
	at org.springframework.boot.SpringApplication.refresh(SpringApplication.java:775)
	at org.springframework.boot.SpringApplication.refreshContext(SpringApplication.java:397)
	at org.springframework.boot.SpringApplication.run(SpringApplication.java:316)
	at org.springframework.boot.SpringApplication.run(SpringApplication.java:1260)
	at org.springframework.boot.SpringApplication.run(SpringApplication.java:1248)
	at com.shanjupay.merchant.MerchantServiceC.main(MerchantServiceC.java:16)
[${project.name}][${env:SERVER_PORT}] 2022-07-30 11:59:57,033 ERROR [main][DubboMetadataServiceInvocationHandler.java:54] - No provider available in [invoker :interface org.apache.dubbo.rpc.service.GenericService -> spring-cloud://localhost:9090/org.apache.dubbo.registry.RegistryService?anyhost=true&application=merchant-service&bind.ip=192.168.31.236&bind.port=20893&check=false&deprecated=false&dubbo=2.0.2&dynamic=true&generic=true&group=transaction-service&interface=com.alibaba.cloud.dubbo.service.DubboMetadataService&lazy=false&methods=getAllServiceKeys,getServiceRestMetadata,getExportedURLs,getAllExportedURLs&pid=10368&qos.enable=false&qos.port=22240&register=true&register.ip=192.168.31.236&release=2.7.3&remote.application=transaction-service&retries=-1&revision=2.1.0.RELEASE&side=consumer&sticky=false&timeout=90000&timestamp=1659153594810&version=1.0.0,directory: org.apache.dubbo.registry.integration.RegistryDirectory@5bd3ca3c, invoker :interface org.apache.dubbo.rpc.service.GenericService -> nacos://127.0.0.1:8848/org.apache.dubbo.registry.RegistryService?application=merchant-service&check=false&dubbo=2.0.2&generic=true&group=transaction-service&interface=com.alibaba.cloud.dubbo.service.DubboMetadataService&lazy=false&pid=10368&qos.enable=false&qos.port=22240&register.ip=192.168.31.236&release=2.7.3&retries=-1&side=consumer&sticky=false&timeout=90000&timestamp=1659153594810&version=1.0.0,directory: org.apache.dubbo.registry.integration.RegistryDirectory@61c5fd78]
org.apache.dubbo.rpc.RpcException: No provider available in [invoker :interface org.apache.dubbo.rpc.service.GenericService -> spring-cloud://localhost:9090/org.apache.dubbo.registry.RegistryService?anyhost=true&application=merchant-service&bind.ip=192.168.31.236&bind.port=20893&check=false&deprecated=false&dubbo=2.0.2&dynamic=true&generic=true&group=transaction-service&interface=com.alibaba.cloud.dubbo.service.DubboMetadataService&lazy=false&methods=getAllServiceKeys,getServiceRestMetadata,getExportedURLs,getAllExportedURLs&pid=10368&qos.enable=false&qos.port=22240&register=true&register.ip=192.168.31.236&release=2.7.3&remote.application=transaction-service&retries=-1&revision=2.1.0.RELEASE&side=consumer&sticky=false&timeout=90000&timestamp=1659153594810&version=1.0.0,directory: org.apache.dubbo.registry.integration.RegistryDirectory@5bd3ca3c, invoker :interface org.apache.dubbo.rpc.service.GenericService -> nacos://127.0.0.1:8848/org.apache.dubbo.registry.RegistryService?application=merchant-service&check=false&dubbo=2.0.2&generic=true&group=transaction-service&interface=com.alibaba.cloud.dubbo.service.DubboMetadataService&lazy=false&pid=10368&qos.enable=false&qos.port=22240&register.ip=192.168.31.236&release=2.7.3&retries=-1&side=consumer&sticky=false&timeout=90000&timestamp=1659153594810&version=1.0.0,directory: org.apache.dubbo.registry.integration.RegistryDirectory@61c5fd78]
	at org.apache.dubbo.rpc.cluster.support.RegistryAwareClusterInvoker.doInvoke(RegistryAwareClusterInvoker.java:59)
	at org.apache.dubbo.rpc.cluster.support.AbstractClusterInvoker.invoke(AbstractClusterInvoker.java:248)
	at org.apache.dubbo.rpc.cluster.support.wrapper.MockClusterInvoker.invoke(MockClusterInvoker.java:78)
	at org.apache.dubbo.rpc.proxy.InvokerInvocationHandler.invoke(InvokerInvocationHandler.java:55)
	at org.apache.dubbo.common.bytecode.proxy0.$invoke(proxy0.java)
	at com.alibaba.cloud.dubbo.service.DubboMetadataServiceInvocationHandler.invoke(DubboMetadataServiceInvocationHandler.java:49)
	at com.sun.proxy.$Proxy155.getServiceRestMetadata(Unknown Source)
	at com.alibaba.cloud.dubbo.metadata.repository.DubboServiceMetadataRepository.getServiceRestMetadataSet(DubboServiceMetadataRepository.java:591)
	at com.alibaba.cloud.dubbo.metadata.repository.DubboServiceMetadataRepository.initDubboRestServiceMetadataRepository(DubboServiceMetadataRepository.java:479)
	at com.alibaba.cloud.dubbo.metadata.repository.DubboServiceMetadataRepository.initializeMetadata(DubboServiceMetadataRepository.java:287)
	at com.alibaba.cloud.dubbo.metadata.repository.DubboServiceMetadataRepository$$FastClassBySpringCGLIB$$4ef4b7bd.invoke(<generated>)
	at org.springframework.cglib.proxy.MethodProxy.invoke(MethodProxy.java:218)
	at org.springframework.aop.framework.CglibAopProxy$CglibMethodInvocation.invokeJoinpoint(CglibAopProxy.java:749)
	at org.springframework.aop.framework.ReflectiveMethodInvocation.proceed(ReflectiveMethodInvocation.java:163)
	at org.springframework.dao.support.PersistenceExceptionTranslationInterceptor.invoke(PersistenceExceptionTranslationInterceptor.java:139)
	at org.springframework.aop.framework.ReflectiveMethodInvocation.proceed(ReflectiveMethodInvocation.java:186)
	at org.springframework.aop.framework.CglibAopProxy$DynamicAdvisedInterceptor.intercept(CglibAopProxy.java:688)
	at com.alibaba.cloud.dubbo.metadata.repository.DubboServiceMetadataRepository$$EnhancerBySpringCGLIB$$81e70bd2.initializeMetadata(<generated>)
	at com.alibaba.cloud.dubbo.registry.AbstractSpringCloudRegistry.subscribeDubboServiceURL(AbstractSpringCloudRegistry.java:228)
	at com.alibaba.cloud.dubbo.registry.AbstractSpringCloudRegistry.lambda$doSubscribeDubboServiceURLs$0(AbstractSpringCloudRegistry.java:204)
	at java.lang.Iterable.forEach(Iterable.java:75)
	at java.util.Collections$UnmodifiableCollection.forEach(Collections.java:1082)
	at com.alibaba.cloud.dubbo.registry.AbstractSpringCloudRegistry.doSubscribeDubboServiceURLs(AbstractSpringCloudRegistry.java:204)
	at com.alibaba.cloud.dubbo.registry.AbstractSpringCloudRegistry.subscribeDubboServiceURLs(AbstractSpringCloudRegistry.java:169)
	at com.alibaba.cloud.dubbo.registry.AbstractSpringCloudRegistry.doSubscribe(AbstractSpringCloudRegistry.java:163)
	at org.apache.dubbo.registry.support.FailbackRegistry.subscribe(FailbackRegistry.java:295)
	at org.apache.dubbo.registry.integration.RegistryDirectory.subscribe(RegistryDirectory.java:172)
	at org.apache.dubbo.registry.integration.RegistryProtocol.doRefer(RegistryProtocol.java:411)
	at org.apache.dubbo.registry.integration.RegistryProtocol.refer(RegistryProtocol.java:392)
	at org.apache.dubbo.rpc.protocol.ProtocolListenerWrapper.refer(ProtocolListenerWrapper.java:69)
	at org.apache.dubbo.qos.protocol.QosProtocolWrapper.refer(QosProtocolWrapper.java:70)
	at org.apache.dubbo.rpc.protocol.ProtocolFilterWrapper.refer(ProtocolFilterWrapper.java:128)
	at org.apache.dubbo.rpc.Protocol$Adaptive.refer(Protocol$Adaptive.java)
	at org.apache.dubbo.config.ReferenceConfig.createProxy(ReferenceConfig.java:401)
	at org.apache.dubbo.config.ReferenceConfig.init(ReferenceConfig.java:329)
	at org.apache.dubbo.config.ReferenceConfig.get(ReferenceConfig.java:250)
	at org.apache.dubbo.config.spring.beans.factory.annotation.ReferenceAnnotationBeanPostProcessor$ReferenceBeanInvocationHandler.init(ReferenceAnnotationBeanPostProcessor.java:269)
	at org.apache.dubbo.config.spring.beans.factory.annotation.ReferenceAnnotationBeanPostProcessor$ReferenceBeanInvocationHandler.access$100(ReferenceAnnotationBeanPostProcessor.java:242)
	at org.apache.dubbo.config.spring.beans.factory.annotation.ReferenceAnnotationBeanPostProcessor.buildInvocationHandler(ReferenceAnnotationBeanPostProcessor.java:236)
	at org.apache.dubbo.config.spring.beans.factory.annotation.ReferenceAnnotationBeanPostProcessor.buildProxy(ReferenceAnnotationBeanPostProcessor.java:219)
	at org.apache.dubbo.config.spring.beans.factory.annotation.ReferenceAnnotationBeanPostProcessor.doGetInjectedBean(ReferenceAnnotationBeanPostProcessor.java:134)
	at org.apache.dubbo.config.spring.beans.factory.annotation.AnnotationInjectedBeanPostProcessor.getInjectedObject(AnnotationInjectedBeanPostProcessor.java:360)
	at org.apache.dubbo.config.spring.beans.factory.annotation.AnnotationInjectedBeanPostProcessor$AnnotatedFieldElement.inject(AnnotationInjectedBeanPostProcessor.java:540)
	at org.springframework.beans.factory.annotation.InjectionMetadata.inject(InjectionMetadata.java:90)
	at org.apache.dubbo.config.spring.beans.factory.annotation.AnnotationInjectedBeanPostProcessor.postProcessPropertyValues(AnnotationInjectedBeanPostProcessor.java:147)
	at org.springframework.beans.factory.support.AbstractAutowireCapableBeanFactory.populateBean(AbstractAutowireCapableBeanFactory.java:1400)
	at org.springframework.beans.factory.support.AbstractAutowireCapableBeanFactory.doCreateBean(AbstractAutowireCapableBeanFactory.java:592)
	at org.springframework.beans.factory.support.AbstractAutowireCapableBeanFactory.createBean(AbstractAutowireCapableBeanFactory.java:515)
	at org.springframework.beans.factory.support.AbstractBeanFactory.lambda$doGetBean$0(AbstractBeanFactory.java:320)
	at org.springframework.beans.factory.support.DefaultSingletonBeanRegistry.getSingleton(DefaultSingletonBeanRegistry.java:222)
	at org.springframework.beans.factory.support.AbstractBeanFactory.doGetBean(AbstractBeanFactory.java:318)
	at org.springframework.beans.factory.support.AbstractBeanFactory.getBean(AbstractBeanFactory.java:199)
	at org.springframework.beans.factory.support.DefaultListableBeanFactory.preInstantiateSingletons(DefaultListableBeanFactory.java:849)
	at org.springframework.context.support.AbstractApplicationContext.finishBeanFactoryInitialization(AbstractApplicationContext.java:877)
	at org.springframework.context.support.AbstractApplicationContext.refresh(AbstractApplicationContext.java:549)
	at org.springframework.boot.web.servlet.context.ServletWebServerApplicationContext.refresh(ServletWebServerApplicationContext.java:142)
	at org.springframework.boot.SpringApplication.refresh(SpringApplication.java:775)
	at org.springframework.boot.SpringApplication.refreshContext(SpringApplication.java:397)
	at org.springframework.boot.SpringApplication.run(SpringApplication.java:316)
	at org.springframework.boot.SpringApplication.run(SpringApplication.java:1260)
	at org.springframework.boot.SpringApplication.run(SpringApplication.java:1248)
	at com.shanjupay.merchant.MerchantServiceC.main(MerchantServiceC.java:16)
[${project.name}][${env:SERVER_PORT}] 2022-07-30 11:59:57,034 ERROR [main][DubboMetadataServiceInvocationHandler.java:54] - No provider available in [invoker :interface org.apache.dubbo.rpc.service.GenericService -> spring-cloud://localhost:9090/org.apache.dubbo.registry.RegistryService?anyhost=true&application=merchant-service&bind.ip=192.168.31.236&bind.port=20893&check=false&deprecated=false&dubbo=2.0.2&dynamic=true&generic=true&group=transaction-service&interface=com.alibaba.cloud.dubbo.service.DubboMetadataService&lazy=false&methods=getAllServiceKeys,getServiceRestMetadata,getExportedURLs,getAllExportedURLs&pid=10368&qos.enable=false&qos.port=22240&register=true&register.ip=192.168.31.236&release=2.7.3&remote.application=transaction-service&retries=-1&revision=2.1.0.RELEASE&side=consumer&sticky=false&timeout=90000&timestamp=1659153594810&version=1.0.0,directory: org.apache.dubbo.registry.integration.RegistryDirectory@5bd3ca3c, invoker :interface org.apache.dubbo.rpc.service.GenericService -> nacos://127.0.0.1:8848/org.apache.dubbo.registry.RegistryService?application=merchant-service&check=false&dubbo=2.0.2&generic=true&group=transaction-service&interface=com.alibaba.cloud.dubbo.service.DubboMetadataService&lazy=false&pid=10368&qos.enable=false&qos.port=22240&register.ip=192.168.31.236&release=2.7.3&retries=-1&side=consumer&sticky=false&timeout=90000&timestamp=1659153594810&version=1.0.0,directory: org.apache.dubbo.registry.integration.RegistryDirectory@61c5fd78]
org.apache.dubbo.rpc.RpcException: No provider available in [invoker :interface org.apache.dubbo.rpc.service.GenericService -> spring-cloud://localhost:9090/org.apache.dubbo.registry.RegistryService?anyhost=true&application=merchant-service&bind.ip=192.168.31.236&bind.port=20893&check=false&deprecated=false&dubbo=2.0.2&dynamic=true&generic=true&group=transaction-service&interface=com.alibaba.cloud.dubbo.service.DubboMetadataService&lazy=false&methods=getAllServiceKeys,getServiceRestMetadata,getExportedURLs,getAllExportedURLs&pid=10368&qos.enable=false&qos.port=22240&register=true&register.ip=192.168.31.236&release=2.7.3&remote.application=transaction-service&retries=-1&revision=2.1.0.RELEASE&side=consumer&sticky=false&timeout=90000&timestamp=1659153594810&version=1.0.0,directory: org.apache.dubbo.registry.integration.RegistryDirectory@5bd3ca3c, invoker :interface org.apache.dubbo.rpc.service.GenericService -> nacos://127.0.0.1:8848/org.apache.dubbo.registry.RegistryService?application=merchant-service&check=false&dubbo=2.0.2&generic=true&group=transaction-service&interface=com.alibaba.cloud.dubbo.service.DubboMetadataService&lazy=false&pid=10368&qos.enable=false&qos.port=22240&register.ip=192.168.31.236&release=2.7.3&retries=-1&side=consumer&sticky=false&timeout=90000&timestamp=1659153594810&version=1.0.0,directory: org.apache.dubbo.registry.integration.RegistryDirectory@61c5fd78]
	at org.apache.dubbo.rpc.cluster.support.RegistryAwareClusterInvoker.doInvoke(RegistryAwareClusterInvoker.java:59)
	at org.apache.dubbo.rpc.cluster.support.AbstractClusterInvoker.invoke(AbstractClusterInvoker.java:248)
	at org.apache.dubbo.rpc.cluster.support.wrapper.MockClusterInvoker.invoke(MockClusterInvoker.java:78)
	at org.apache.dubbo.rpc.proxy.InvokerInvocationHandler.invoke(InvokerInvocationHandler.java:55)
	at org.apache.dubbo.common.bytecode.proxy0.$invoke(proxy0.java)
	at com.alibaba.cloud.dubbo.service.DubboMetadataServiceInvocationHandler.invoke(DubboMetadataServiceInvocationHandler.java:49)
	at com.sun.proxy.$Proxy155.getExportedURLs(Unknown Source)
	at com.alibaba.cloud.dubbo.registry.AbstractSpringCloudRegistry.getExportedURLs(AbstractSpringCloudRegistry.java:328)
	at com.alibaba.cloud.dubbo.registry.AbstractSpringCloudRegistry.subscribeDubboServiceURL(AbstractSpringCloudRegistry.java:260)
	at com.alibaba.cloud.dubbo.registry.AbstractSpringCloudRegistry.lambda$doSubscribeDubboServiceURLs$0(AbstractSpringCloudRegistry.java:204)
	at java.lang.Iterable.forEach(Iterable.java:75)
	at java.util.Collections$UnmodifiableCollection.forEach(Collections.java:1082)
	at com.alibaba.cloud.dubbo.registry.AbstractSpringCloudRegistry.doSubscribeDubboServiceURLs(AbstractSpringCloudRegistry.java:204)
	at com.alibaba.cloud.dubbo.registry.AbstractSpringCloudRegistry.subscribeDubboServiceURLs(AbstractSpringCloudRegistry.java:169)
	at com.alibaba.cloud.dubbo.registry.AbstractSpringCloudRegistry.doSubscribe(AbstractSpringCloudRegistry.java:163)
	at org.apache.dubbo.registry.support.FailbackRegistry.subscribe(FailbackRegistry.java:295)
	at org.apache.dubbo.registry.integration.RegistryDirectory.subscribe(RegistryDirectory.java:172)
	at org.apache.dubbo.registry.integration.RegistryProtocol.doRefer(RegistryProtocol.java:411)
	at org.apache.dubbo.registry.integration.RegistryProtocol.refer(RegistryProtocol.java:392)
	at org.apache.dubbo.rpc.protocol.ProtocolListenerWrapper.refer(ProtocolListenerWrapper.java:69)
	at org.apache.dubbo.qos.protocol.QosProtocolWrapper.refer(QosProtocolWrapper.java:70)
	at org.apache.dubbo.rpc.protocol.ProtocolFilterWrapper.refer(ProtocolFilterWrapper.java:128)
	at org.apache.dubbo.rpc.Protocol$Adaptive.refer(Protocol$Adaptive.java)
	at org.apache.dubbo.config.ReferenceConfig.createProxy(ReferenceConfig.java:401)
	at org.apache.dubbo.config.ReferenceConfig.init(ReferenceConfig.java:329)
	at org.apache.dubbo.config.ReferenceConfig.get(ReferenceConfig.java:250)
	at org.apache.dubbo.config.spring.beans.factory.annotation.ReferenceAnnotationBeanPostProcessor$ReferenceBeanInvocationHandler.init(ReferenceAnnotationBeanPostProcessor.java:269)
	at org.apache.dubbo.config.spring.beans.factory.annotation.ReferenceAnnotationBeanPostProcessor$ReferenceBeanInvocationHandler.access$100(ReferenceAnnotationBeanPostProcessor.java:242)
	at org.apache.dubbo.config.spring.beans.factory.annotation.ReferenceAnnotationBeanPostProcessor.buildInvocationHandler(ReferenceAnnotationBeanPostProcessor.java:236)
	at org.apache.dubbo.config.spring.beans.factory.annotation.ReferenceAnnotationBeanPostProcessor.buildProxy(ReferenceAnnotationBeanPostProcessor.java:219)
	at org.apache.dubbo.config.spring.beans.factory.annotation.ReferenceAnnotationBeanPostProcessor.doGetInjectedBean(ReferenceAnnotationBeanPostProcessor.java:134)
	at org.apache.dubbo.config.spring.beans.factory.annotation.AnnotationInjectedBeanPostProcessor.getInjectedObject(AnnotationInjectedBeanPostProcessor.java:360)
	at org.apache.dubbo.config.spring.beans.factory.annotation.AnnotationInjectedBeanPostProcessor$AnnotatedFieldElement.inject(AnnotationInjectedBeanPostProcessor.java:540)
	at org.springframework.beans.factory.annotation.InjectionMetadata.inject(InjectionMetadata.java:90)
	at org.apache.dubbo.config.spring.beans.factory.annotation.AnnotationInjectedBeanPostProcessor.postProcessPropertyValues(AnnotationInjectedBeanPostProcessor.java:147)
	at org.springframework.beans.factory.support.AbstractAutowireCapableBeanFactory.populateBean(AbstractAutowireCapableBeanFactory.java:1400)
	at org.springframework.beans.factory.support.AbstractAutowireCapableBeanFactory.doCreateBean(AbstractAutowireCapableBeanFactory.java:592)
	at org.springframework.beans.factory.support.AbstractAutowireCapableBeanFactory.createBean(AbstractAutowireCapableBeanFactory.java:515)
	at org.springframework.beans.factory.support.AbstractBeanFactory.lambda$doGetBean$0(AbstractBeanFactory.java:320)
	at org.springframework.beans.factory.support.DefaultSingletonBeanRegistry.getSingleton(DefaultSingletonBeanRegistry.java:222)
	at org.springframework.beans.factory.support.AbstractBeanFactory.doGetBean(AbstractBeanFactory.java:318)
	at org.springframework.beans.factory.support.AbstractBeanFactory.getBean(AbstractBeanFactory.java:199)
	at org.springframework.beans.factory.support.DefaultListableBeanFactory.preInstantiateSingletons(DefaultListableBeanFactory.java:849)
	at org.springframework.context.support.AbstractApplicationContext.finishBeanFactoryInitialization(AbstractApplicationContext.java:877)
	at org.springframework.context.support.AbstractApplicationContext.refresh(AbstractApplicationContext.java:549)
	at org.springframework.boot.web.servlet.context.ServletWebServerApplicationContext.refresh(ServletWebServerApplicationContext.java:142)
	at org.springframework.boot.SpringApplication.refresh(SpringApplication.java:775)
	at org.springframework.boot.SpringApplication.refreshContext(SpringApplication.java:397)
	at org.springframework.boot.SpringApplication.run(SpringApplication.java:316)
	at org.springframework.boot.SpringApplication.run(SpringApplication.java:1260)
	at org.springframework.boot.SpringApplication.run(SpringApplication.java:1248)
	at com.shanjupay.merchant.MerchantServiceC.main(MerchantServiceC.java:16)
[${project.name}][${env:SERVER_PORT}] 2022-07-30 11:59:57,225 ERROR [com.alibaba.nacos.naming.client.listener][DubboMetadataServiceInvocationHandler.java:54] - No provider available in [invoker :interface org.apache.dubbo.rpc.service.GenericService -> spring-cloud://localhost:9090/org.apache.dubbo.registry.RegistryService?anyhost=true&application=merchant-service&bind.ip=192.168.31.236&bind.port=20893&check=false&deprecated=false&dubbo=2.0.2&dynamic=true&generic=true&group=transaction-service&interface=com.alibaba.cloud.dubbo.service.DubboMetadataService&lazy=false&methods=getAllServiceKeys,getServiceRestMetadata,getExportedURLs,getAllExportedURLs&pid=10368&qos.enable=false&qos.port=22240&register=true&register.ip=192.168.31.236&release=2.7.3&remote.application=transaction-service&retries=-1&revision=2.1.0.RELEASE&side=consumer&sticky=false&timeout=90000&timestamp=1659153594810&version=1.0.0,directory: org.apache.dubbo.registry.integration.RegistryDirectory@5bd3ca3c, invoker :interface org.apache.dubbo.rpc.service.GenericService -> nacos://127.0.0.1:8848/org.apache.dubbo.registry.RegistryService?application=merchant-service&check=false&dubbo=2.0.2&generic=true&group=transaction-service&interface=com.alibaba.cloud.dubbo.service.DubboMetadataService&lazy=false&pid=10368&qos.enable=false&qos.port=22240&register.ip=192.168.31.236&release=2.7.3&retries=-1&side=consumer&sticky=false&timeout=90000&timestamp=1659153594810&version=1.0.0,directory: org.apache.dubbo.registry.integration.RegistryDirectory@61c5fd78]
org.apache.dubbo.rpc.RpcException: No provider available in [invoker :interface org.apache.dubbo.rpc.service.GenericService -> spring-cloud://localhost:9090/org.apache.dubbo.registry.RegistryService?anyhost=true&application=merchant-service&bind.ip=192.168.31.236&bind.port=20893&check=false&deprecated=false&dubbo=2.0.2&dynamic=true&generic=true&group=transaction-service&interface=com.alibaba.cloud.dubbo.service.DubboMetadataService&lazy=false&methods=getAllServiceKeys,getServiceRestMetadata,getExportedURLs,getAllExportedURLs&pid=10368&qos.enable=false&qos.port=22240&register=true&register.ip=192.168.31.236&release=2.7.3&remote.application=transaction-service&retries=-1&revision=2.1.0.RELEASE&side=consumer&sticky=false&timeout=90000&timestamp=1659153594810&version=1.0.0,directory: org.apache.dubbo.registry.integration.RegistryDirectory@5bd3ca3c, invoker :interface org.apache.dubbo.rpc.service.GenericService -> nacos://127.0.0.1:8848/org.apache.dubbo.registry.RegistryService?application=merchant-service&check=false&dubbo=2.0.2&generic=true&group=transaction-service&interface=com.alibaba.cloud.dubbo.service.DubboMetadataService&lazy=false&pid=10368&qos.enable=false&qos.port=22240&register.ip=192.168.31.236&release=2.7.3&retries=-1&side=consumer&sticky=false&timeout=90000&timestamp=1659153594810&version=1.0.0,directory: org.apache.dubbo.registry.integration.RegistryDirectory@61c5fd78]
	at org.apache.dubbo.rpc.cluster.support.RegistryAwareClusterInvoker.doInvoke(RegistryAwareClusterInvoker.java:59)
	at org.apache.dubbo.rpc.cluster.support.AbstractClusterInvoker.invoke(AbstractClusterInvoker.java:248)
	at org.apache.dubbo.rpc.cluster.support.wrapper.MockClusterInvoker.invoke(MockClusterInvoker.java:78)
	at org.apache.dubbo.rpc.proxy.InvokerInvocationHandler.invoke(InvokerInvocationHandler.java:55)
	at org.apache.dubbo.common.bytecode.proxy0.$invoke(proxy0.java)
	at com.alibaba.cloud.dubbo.service.DubboMetadataServiceInvocationHandler.invoke(DubboMetadataServiceInvocationHandler.java:49)
	at com.sun.proxy.$Proxy155.getExportedURLs(Unknown Source)
	at com.alibaba.cloud.dubbo.registry.AbstractSpringCloudRegistry.getExportedURLs(AbstractSpringCloudRegistry.java:328)
	at com.alibaba.cloud.dubbo.registry.AbstractSpringCloudRegistry.subscribeDubboServiceURL(AbstractSpringCloudRegistry.java:260)
	at com.alibaba.cloud.dubbo.registry.AbstractSpringCloudRegistry$1.onApplicationEvent(AbstractSpringCloudRegistry.java:193)
	at com.alibaba.cloud.dubbo.registry.AbstractSpringCloudRegistry$1.onApplicationEvent(AbstractSpringCloudRegistry.java:186)
	at org.springframework.context.event.SimpleApplicationEventMulticaster.doInvokeListener(SimpleApplicationEventMulticaster.java:172)
	at org.springframework.context.event.SimpleApplicationEventMulticaster.invokeListener(SimpleApplicationEventMulticaster.java:165)
	at org.springframework.context.event.SimpleApplicationEventMulticaster.multicastEvent(SimpleApplicationEventMulticaster.java:139)
	at org.springframework.context.support.AbstractApplicationContext.publishEvent(AbstractApplicationContext.java:402)
	at org.springframework.context.support.AbstractApplicationContext.publishEvent(AbstractApplicationContext.java:359)
	at com.alibaba.cloud.dubbo.autoconfigure.DubboServiceDiscoveryAutoConfiguration.dispatchServiceInstancesChangedEvent(DubboServiceDiscoveryAutoConfiguration.java:161)
	at com.alibaba.cloud.dubbo.autoconfigure.DubboServiceDiscoveryAutoConfiguration.access$200(DubboServiceDiscoveryAutoConfiguration.java:107)
	at com.alibaba.cloud.dubbo.autoconfigure.DubboServiceDiscoveryAutoConfiguration$NacosConfiguration.lambda$subscribeEventListener$1(DubboServiceDiscoveryAutoConfiguration.java:541)
	at com.alibaba.nacos.client.naming.core.EventDispatcher$Notifier.run(EventDispatcher.java:128)
	at java.util.concurrent.ThreadPoolExecutor.runWorker(ThreadPoolExecutor.java:1149)
	at java.util.concurrent.ThreadPoolExecutor$Worker.run(ThreadPoolExecutor.java:624)
	at java.lang.Thread.run(Thread.java:748)
